<?xml version="1.0" encoding="UTF-8"?>
<testng-results skipped="0" failed="0" ignored="0" total="1" passed="1">
  <reporter-output>
  </reporter-output>
  <suite name="Default suite" duration-ms="17352" started-at="2020-06-21T12:23:38 IST" finished-at="2020-06-21T12:23:55 IST">
    <groups>
    </groups>
    <test name="Default test" duration-ms="17352" started-at="2020-06-21T12:23:38 IST" finished-at="2020-06-21T12:23:55 IST">
      <class name="com.facebook.pages.LoginPage">
        <test-method status="PASS" signature="beforeClass()[pri:0, instance:com.facebook.pages.LoginPage@5faeada1]" name="beforeClass" is-config="true" duration-ms="5597" started-at="2020-06-21T12:23:38 IST" finished-at="2020-06-21T12:23:43 IST">
          <reporter-output>
          </reporter-output>
        </test-method> <!-- beforeClass -->
        <test-method status="PASS" signature="testDOB()[pri:0, instance:com.facebook.pages.LoginPage@5faeada1]" name="testDOB" duration-ms="7902" started-at="2020-06-21T12:23:43 IST" finished-at="2020-06-21T12:23:51 IST">
          <reporter-output>
          </reporter-output>
        </test-method> <!-- testDOB -->
        <test-method status="PASS" signature="afterClass()[pri:0, instance:com.facebook.pages.LoginPage@5faeada1]" name="afterClass" is-config="true" duration-ms="3795" started-at="2020-06-21T12:23:51 IST" finished-at="2020-06-21T12:23:55 IST">
          <reporter-output>
          </reporter-output>
        </test-method> <!-- afterClass -->
      </class> <!-- com.facebook.pages.LoginPage -->
    </test> <!-- Default test -->
  </suite> <!-- Default suite -->
</testng-results>
