<?xml version="1.0" encoding="UTF-8"?>
<!-- Generated by org.testng.reporters.JUnitXMLReporter -->
<testsuite hostname="DESKTOP-N6C6OOV" ignored="0" name="Test" tests="3" failures="0" timestamp="2020-09-16T13:29:52 IST" time="68.538" errors="0">
  <testcase name="basePageNavigation" time="0.495" classname="FrameWorkBuild.FrameWorkBuild.ValidateTitle"/>
  <testcase name="basePageNavigation" time="17.914" classname="FrameWorkBuild.FrameWorkBuild.HomePage"/>
  <testcase name="basePageNavigation" time="18.272" classname="FrameWorkBuild.FrameWorkBuild.HomePage"/>
</testsuite> <!-- Test -->
