<?xml version="1.0" encoding="UTF-8"?>
<testng-results skipped="0" failed="0" ignored="3" total="12" passed="9">
  <reporter-output>
  </reporter-output>
  <suite name="Loan Department" duration-ms="272" started-at="2020-09-13T15:09:29 IST" finished-at="2020-09-13T15:09:30 IST">
    <groups>
      <group name="smoke">
        <method signature="Testing2.TC_02()[pri:0, instance:com.testng.Testing2@1dfe2924]" name="TC_02" class="com.testng.Testing2"/>
      </group> <!-- smoke -->
      <group name="sanity">
        <method signature="Testing2.TC_02()[pri:0, instance:com.testng.Testing2@1dfe2924]" name="TC_02" class="com.testng.Testing2"/>
        <method signature="Testing2.TC_03()[pri:0, instance:com.testng.Testing2@1dfe2924]" name="TC_03" class="com.testng.Testing2"/>
        <method signature="Testing2.TC_04(java.lang.String, java.lang.String)[pri:0, instance:com.testng.Testing2@1dfe2924]" name="TC_04" class="com.testng.Testing2"/>
      </group> <!-- sanity -->
    </groups>
    <test name="Car Loan" duration-ms="93" started-at="2020-09-13T15:09:29 IST" finished-at="2020-09-13T15:09:30 IST">
      <class name="com.testng.Testing2">
        <test-method status="PASS" signature="BeforeSuite()[pri:0, instance:com.testng.Testing2@1dfe2924]" name="BeforeSuite" is-config="true" duration-ms="4" started-at="2020-09-13T15:09:29 IST" finished-at="2020-09-13T15:09:29 IST">
          <reporter-output>
          </reporter-output>
        </test-method> <!-- BeforeSuite -->
        <test-method status="PASS" signature="AfterSuite()[pri:0, instance:com.testng.Testing2@1dfe2924]" name="AfterSuite" is-config="true" duration-ms="3" started-at="2020-09-13T15:09:30 IST" finished-at="2020-09-13T15:09:30 IST">
          <reporter-output>
          </reporter-output>
        </test-method> <!-- AfterSuite -->
      </class> <!-- com.testng.Testing2 -->
      <class name="com.testng.Testing3">
        <test-method status="PASS" signature="TC_11()[pri:0, instance:com.testng.Testing3@2d6eabae]" name="TC_11" duration-ms="22" started-at="2020-09-13T15:09:30 IST" finished-at="2020-09-13T15:09:30 IST">
          <reporter-output>
          </reporter-output>
        </test-method> <!-- TC_11 -->
      </class> <!-- com.testng.Testing3 -->
      <class name="com.testng.Testing">
        <test-method status="PASS" signature="BeforeSuite()[pri:0, instance:com.testng.Testing@35d176f7]" name="BeforeSuite" is-config="true" duration-ms="20" started-at="2020-09-13T15:09:29 IST" finished-at="2020-09-13T15:09:29 IST">
          <reporter-output>
          </reporter-output>
        </test-method> <!-- BeforeSuite -->
        <test-method status="PASS" signature="AfterSuite()[pri:0, instance:com.testng.Testing@35d176f7]" name="AfterSuite" is-config="true" duration-ms="3" started-at="2020-09-13T15:09:30 IST" finished-at="2020-09-13T15:09:30 IST">
          <reporter-output>
          </reporter-output>
        </test-method> <!-- AfterSuite -->
      </class> <!-- com.testng.Testing -->
    </test> <!-- Car Loan -->
    <test name="Personal Loan" duration-ms="272" started-at="2020-09-13T15:09:29 IST" finished-at="2020-09-13T15:09:30 IST">
      <class name="com.testng.Testing2">
        <test-method status="PASS" signature="BeforeTest()[pri:0, instance:com.testng.Testing2@1dfe2924]" name="BeforeTest" is-config="true" duration-ms="3" started-at="2020-09-13T15:09:29 IST" finished-at="2020-09-13T15:09:29 IST">
          <reporter-output>
          </reporter-output>
        </test-method> <!-- BeforeTest -->
        <test-method status="PASS" signature="BeforeClass()[pri:0, instance:com.testng.Testing2@1dfe2924]" name="BeforeClass" is-config="true" duration-ms="16" started-at="2020-09-13T15:09:30 IST" finished-at="2020-09-13T15:09:30 IST">
          <reporter-output>
          </reporter-output>
        </test-method> <!-- BeforeClass -->
        <test-method status="PASS" signature="BeforeMethod()[pri:0, instance:com.testng.Testing2@1dfe2924]" name="BeforeMethod" is-config="true" duration-ms="5" started-at="2020-09-13T15:09:30 IST" finished-at="2020-09-13T15:09:30 IST">
          <reporter-output>
          </reporter-output>
        </test-method> <!-- BeforeMethod -->
        <test-method status="PASS" signature="TC_02()[pri:0, instance:com.testng.Testing2@1dfe2924]" name="TC_02" duration-ms="12" started-at="2020-09-13T15:09:30 IST" finished-at="2020-09-13T15:09:30 IST">
          <reporter-output>
          </reporter-output>
        </test-method> <!-- TC_02 -->
        <test-method status="PASS" signature="AfterMethod()[pri:0, instance:com.testng.Testing2@1dfe2924]" name="AfterMethod" is-config="true" duration-ms="6" started-at="2020-09-13T15:09:30 IST" finished-at="2020-09-13T15:09:30 IST">
          <reporter-output>
          </reporter-output>
        </test-method> <!-- AfterMethod -->
        <test-method status="PASS" signature="BeforeMethod()[pri:0, instance:com.testng.Testing2@1dfe2924]" name="BeforeMethod" is-config="true" duration-ms="0" started-at="2020-09-13T15:09:30 IST" finished-at="2020-09-13T15:09:30 IST">
          <reporter-output>
          </reporter-output>
        </test-method> <!-- BeforeMethod -->
        <test-method status="PASS" signature="TC_03()[pri:0, instance:com.testng.Testing2@1dfe2924]" name="TC_03" duration-ms="12" started-at="2020-09-13T15:09:30 IST" finished-at="2020-09-13T15:09:30 IST">
          <reporter-output>
          </reporter-output>
        </test-method> <!-- TC_03 -->
        <test-method status="PASS" signature="AfterMethod()[pri:0, instance:com.testng.Testing2@1dfe2924]" name="AfterMethod" is-config="true" duration-ms="0" started-at="2020-09-13T15:09:30 IST" finished-at="2020-09-13T15:09:30 IST">
          <reporter-output>
          </reporter-output>
        </test-method> <!-- AfterMethod -->
        <test-method status="PASS" signature="BeforeMethod()[pri:0, instance:com.testng.Testing2@1dfe2924]" name="BeforeMethod" is-config="true" duration-ms="1" started-at="2020-09-13T15:09:30 IST" finished-at="2020-09-13T15:09:30 IST">
          <reporter-output>
          </reporter-output>
        </test-method> <!-- BeforeMethod -->
        <test-method status="PASS" signature="TC_04(java.lang.String, java.lang.String)[pri:0, instance:com.testng.Testing2@1dfe2924]" name="TC_04" duration-ms="42" started-at="2020-09-13T15:09:30 IST" data-provider="getData" finished-at="2020-09-13T15:09:30 IST">
          <params>
            <param index="0">
              <value>
                <![CDATA[suraj]]>
              </value>
            </param>
            <param index="1">
              <value>
                <![CDATA[suraj123]]>
              </value>
            </param>
          </params>
          <reporter-output>
          </reporter-output>
        </test-method> <!-- TC_04 -->
        <test-method status="PASS" signature="AfterMethod()[pri:0, instance:com.testng.Testing2@1dfe2924]" name="AfterMethod" is-config="true" duration-ms="2" started-at="2020-09-13T15:09:30 IST" finished-at="2020-09-13T15:09:30 IST">
          <reporter-output>
          </reporter-output>
        </test-method> <!-- AfterMethod -->
        <test-method status="PASS" signature="BeforeMethod()[pri:0, instance:com.testng.Testing2@1dfe2924]" name="BeforeMethod" is-config="true" duration-ms="1" started-at="2020-09-13T15:09:30 IST" finished-at="2020-09-13T15:09:30 IST">
          <reporter-output>
          </reporter-output>
        </test-method> <!-- BeforeMethod -->
        <test-method status="PASS" signature="TC_04(java.lang.String, java.lang.String)[pri:0, instance:com.testng.Testing2@1dfe2924]" name="TC_04" duration-ms="10" started-at="2020-09-13T15:09:30 IST" data-provider="getData" finished-at="2020-09-13T15:09:30 IST">
          <params>
            <param index="0">
              <value>
                <![CDATA[dhiraj]]>
              </value>
            </param>
            <param index="1">
              <value>
                <![CDATA[dhiraj123]]>
              </value>
            </param>
          </params>
          <reporter-output>
          </reporter-output>
        </test-method> <!-- TC_04 -->
        <test-method status="PASS" signature="AfterMethod()[pri:0, instance:com.testng.Testing2@1dfe2924]" name="AfterMethod" is-config="true" duration-ms="0" started-at="2020-09-13T15:09:30 IST" finished-at="2020-09-13T15:09:30 IST">
          <reporter-output>
          </reporter-output>
        </test-method> <!-- AfterMethod -->
        <test-method status="PASS" signature="BeforeMethod()[pri:0, instance:com.testng.Testing2@1dfe2924]" name="BeforeMethod" is-config="true" duration-ms="1" started-at="2020-09-13T15:09:30 IST" finished-at="2020-09-13T15:09:30 IST">
          <reporter-output>
          </reporter-output>
        </test-method> <!-- BeforeMethod -->
        <test-method status="PASS" signature="TC_04(java.lang.String, java.lang.String)[pri:0, instance:com.testng.Testing2@1dfe2924]" name="TC_04" duration-ms="7" started-at="2020-09-13T15:09:30 IST" data-provider="getData" finished-at="2020-09-13T15:09:30 IST">
          <params>
            <param index="0">
              <value>
                <![CDATA[gajanan]]>
              </value>
            </param>
            <param index="1">
              <value>
                <![CDATA[gajanan123]]>
              </value>
            </param>
          </params>
          <reporter-output>
          </reporter-output>
        </test-method> <!-- TC_04 -->
        <test-method status="PASS" signature="AfterMethod()[pri:0, instance:com.testng.Testing2@1dfe2924]" name="AfterMethod" is-config="true" duration-ms="1" started-at="2020-09-13T15:09:30 IST" finished-at="2020-09-13T15:09:30 IST">
          <reporter-output>
          </reporter-output>
        </test-method> <!-- AfterMethod -->
        <test-method status="PASS" signature="BeforeMethod()[pri:0, instance:com.testng.Testing2@1dfe2924]" name="BeforeMethod" is-config="true" duration-ms="1" started-at="2020-09-13T15:09:30 IST" finished-at="2020-09-13T15:09:30 IST">
          <reporter-output>
          </reporter-output>
        </test-method> <!-- BeforeMethod -->
        <test-method status="PASS" signature="TC_01(java.lang.String, java.lang.String)[pri:0, instance:com.testng.Testing2@1dfe2924]" name="TC_01" duration-ms="16" started-at="2020-09-13T15:09:30 IST" depends-on-methods="com.testng.Testing2.TC_04" finished-at="2020-09-13T15:09:30 IST">
          <params>
            <param index="0">
              <value>
                <![CDATA[qaclickacademy.com]]>
              </value>
            </param>
            <param index="1">
              <value>
                <![CDATA[surajdate]]>
              </value>
            </param>
          </params>
          <reporter-output>
          </reporter-output>
        </test-method> <!-- TC_01 -->
        <test-method status="PASS" signature="AfterMethod()[pri:0, instance:com.testng.Testing2@1dfe2924]" name="AfterMethod" is-config="true" duration-ms="0" started-at="2020-09-13T15:09:30 IST" finished-at="2020-09-13T15:09:30 IST">
          <reporter-output>
          </reporter-output>
        </test-method> <!-- AfterMethod -->
        <test-method status="PASS" signature="AfterClass()[pri:0, instance:com.testng.Testing2@1dfe2924]" name="AfterClass" is-config="true" duration-ms="5" started-at="2020-09-13T15:09:30 IST" finished-at="2020-09-13T15:09:30 IST">
          <reporter-output>
          </reporter-output>
        </test-method> <!-- AfterClass -->
        <test-method status="PASS" signature="AfterTest()[pri:0, instance:com.testng.Testing2@1dfe2924]" name="AfterTest" is-config="true" duration-ms="2" started-at="2020-09-13T15:09:30 IST" finished-at="2020-09-13T15:09:30 IST">
          <reporter-output>
          </reporter-output>
        </test-method> <!-- AfterTest -->
      </class> <!-- com.testng.Testing2 -->
      <class name="com.testng.Testing">
        <test-method status="PASS" signature="BeforeClass()[pri:0, instance:com.testng.Testing@35d176f7]" name="BeforeClass" is-config="true" duration-ms="1" started-at="2020-09-13T15:09:30 IST" finished-at="2020-09-13T15:09:30 IST">
          <reporter-output>
          </reporter-output>
        </test-method> <!-- BeforeClass -->
        <test-method status="PASS" signature="BeforeMethod()[pri:0, instance:com.testng.Testing@35d176f7]" name="BeforeMethod" is-config="true" duration-ms="3" started-at="2020-09-13T15:09:30 IST" finished-at="2020-09-13T15:09:30 IST">
          <reporter-output>
          </reporter-output>
        </test-method> <!-- BeforeMethod -->
        <test-method status="PASS" signature="Demo()[pri:0, instance:com.testng.Testing@35d176f7]" name="Demo" duration-ms="8" started-at="2020-09-13T15:09:30 IST" finished-at="2020-09-13T15:09:30 IST">
          <reporter-output>
          </reporter-output>
        </test-method> <!-- Demo -->
        <test-method status="PASS" signature="AfterMethod()[pri:0, instance:com.testng.Testing@35d176f7]" name="AfterMethod" is-config="true" duration-ms="2" started-at="2020-09-13T15:09:30 IST" finished-at="2020-09-13T15:09:30 IST">
          <reporter-output>
          </reporter-output>
        </test-method> <!-- AfterMethod -->
        <test-method status="PASS" signature="BeforeMethod()[pri:0, instance:com.testng.Testing@35d176f7]" name="BeforeMethod" is-config="true" duration-ms="0" started-at="2020-09-13T15:09:30 IST" finished-at="2020-09-13T15:09:30 IST">
          <reporter-output>
          </reporter-output>
        </test-method> <!-- BeforeMethod -->
        <test-method status="PASS" signature="TC_01()[pri:0, instance:com.testng.Testing@35d176f7]" name="TC_01" duration-ms="4" started-at="2020-09-13T15:09:30 IST" finished-at="2020-09-13T15:09:30 IST">
          <reporter-output>
          </reporter-output>
        </test-method> <!-- TC_01 -->
        <test-method status="PASS" signature="AfterMethod()[pri:0, instance:com.testng.Testing@35d176f7]" name="AfterMethod" is-config="true" duration-ms="1" started-at="2020-09-13T15:09:30 IST" finished-at="2020-09-13T15:09:30 IST">
          <reporter-output>
          </reporter-output>
        </test-method> <!-- AfterMethod -->
        <test-method status="PASS" signature="AfterClass()[pri:0, instance:com.testng.Testing@35d176f7]" name="AfterClass" is-config="true" duration-ms="2" started-at="2020-09-13T15:09:30 IST" finished-at="2020-09-13T15:09:30 IST">
          <reporter-output>
          </reporter-output>
        </test-method> <!-- AfterClass -->
      </class> <!-- com.testng.Testing -->
    </test> <!-- Personal Loan -->
  </suite> <!-- Loan Department -->
</testng-results>
