<?xml version="1.0" encoding="UTF-8"?>
<!-- Generated by org.testng.reporters.JUnitXMLReporter -->
<testsuite hostname="DESKTOP-N6C6OOV" ignored="3" name="Car Loan" tests="1" failures="0" timestamp="2020-09-13T13:44:58 IST" time="0.009" errors="0">
  <testcase name="TC_11" time="0.004" classname="com.testng.Testing3"/>
  <testcase name="TC_03" time="0.0" classname="com.testng.Testing3">
    <ignored/>
  </testcase> <!-- TC_03 -->
  <testcase name="TC_01" time="0.0" classname="com.testng.Testing3">
    <ignored/>
  </testcase> <!-- TC_01 -->
  <testcase name="TC_02" time="0.0" classname="com.testng.Testing3">
    <ignored/>
  </testcase> <!-- TC_02 -->
</testsuite> <!-- Car Loan -->
