<?xml version="1.0" encoding="UTF-8"?>
<!-- Generated by org.testng.reporters.JUnitXMLReporter -->
<testsuite hostname="DESKTOP-N6C6OOV" ignored="0" name="Personal Loan" tests="8" failures="0" timestamp="2020-09-13T15:09:30 IST" time="0.272" errors="0">
  <testcase name="TC_02" time="0.012" classname="com.testng.Testing2"/>
  <testcase name="TC_03" time="0.012" classname="com.testng.Testing2"/>
  <testcase name="Demo" time="0.008" classname="com.testng.Testing"/>
  <testcase name="TC_01" time="0.004" classname="com.testng.Testing"/>
  <testcase name="TC_04" time="0.042" classname="com.testng.Testing2"/>
  <testcase name="TC_04" time="0.01" classname="com.testng.Testing2"/>
  <testcase name="TC_04" time="0.007" classname="com.testng.Testing2"/>
  <testcase name="TC_01" time="0.016" classname="com.testng.Testing2"/>
</testsuite> <!-- Personal Loan -->
