<?xml version="1.0" encoding="UTF-8"?>
<!-- Generated by org.testng.reporters.JUnitXMLReporter -->
<testsuite hostname="DESKTOP-N6C6OOV" ignored="7" name="Regression Tests" tests="3" failures="0" timestamp="2020-09-13T14:01:49 IST" time="0.083" errors="0">
  <testcase name="TC_02" time="0.016" classname="com.testng.Testing2"/>
  <testcase name="TC_03" time="0.003" classname="com.testng.Testing2"/>
  <testcase name="TC_04" time="0.002" classname="com.testng.Testing2"/>
  <testcase name="TC_01" time="0.0" classname="com.testng.Testing">
    <ignored/>
  </testcase> <!-- TC_01 -->
  <testcase name="TC_03" time="0.0" classname="com.testng.Testing3">
    <ignored/>
  </testcase> <!-- TC_03 -->
  <testcase name="TC_01" time="0.0" classname="com.testng.Testing2">
    <ignored/>
  </testcase> <!-- TC_01 -->
  <testcase name="TC_11" time="0.0" classname="com.testng.Testing3">
    <ignored/>
  </testcase> <!-- TC_11 -->
  <testcase name="TC_01" time="0.0" classname="com.testng.Testing3">
    <ignored/>
  </testcase> <!-- TC_01 -->
  <testcase name="Demo" time="0.0" classname="com.testng.Testing">
    <ignored/>
  </testcase> <!-- Demo -->
  <testcase name="TC_02" time="0.0" classname="com.testng.Testing3">
    <ignored/>
  </testcase> <!-- TC_02 -->
</testsuite> <!-- Regression Tests -->
