<?xml version="1.0" encoding="UTF-8"?>
<testng-results skipped="0" failed="0" ignored="0" total="1" passed="1">
  <reporter-output>
  </reporter-output>
  <suite name="Default suite" duration-ms="14632" started-at="2020-09-14T15:54:33 IST" finished-at="2020-09-14T15:54:47 IST">
    <groups>
    </groups>
    <test name="Default test" duration-ms="14632" started-at="2020-09-14T15:54:33 IST" finished-at="2020-09-14T15:54:47 IST">
      <class name="PageObject.PageObject.LoginApplication">
        <test-method status="PASS" signature="Login()[pri:0, instance:PageObject.PageObject.LoginApplication@a7e666]" name="Login" duration-ms="14477" started-at="2020-09-14T15:54:33 IST" finished-at="2020-09-14T15:54:47 IST">
          <reporter-output>
          </reporter-output>
        </test-method> <!-- Login -->
      </class> <!-- PageObject.PageObject.LoginApplication -->
    </test> <!-- Default test -->
  </suite> <!-- Default suite -->
</testng-results>
