<?xml version="1.0" encoding="UTF-8"?>
<!-- Generated by org.testng.reporters.JUnitXMLReporter -->
<testsuite hostname="DESKTOP-N6C6OOV" ignored="6" name="Default test" tests="1" failures="0" timestamp="2020-06-22T00:52:04 IST" time="19.28" errors="0">
  <testcase name="TC_Xpath" time="11.372" classname="com.project.selenium.WebElementsExample"/>
  <testcase name="TC_ID" time="0.0" classname="com.project.selenium.WebElementsExample">
    <ignored/>
  </testcase> <!-- TC_ID -->
  <testcase name="TC_Name" time="0.0" classname="com.project.selenium.WebElementsExample">
    <ignored/>
  </testcase> <!-- TC_Name -->
  <testcase name="TC_Partial_Link_Text" time="0.0" classname="com.project.selenium.WebElementsExample">
    <ignored/>
  </testcase> <!-- TC_Partial_Link_Text -->
  <testcase name="TC_LinkText" time="0.0" classname="com.project.selenium.WebElementsExample">
    <ignored/>
  </testcase> <!-- TC_LinkText -->
  <testcase name="TC_CSS_Selector" time="0.0" classname="com.project.selenium.WebElementsExample">
    <ignored/>
  </testcase> <!-- TC_CSS_Selector -->
  <testcase name="TC_Class" time="0.0" classname="com.project.selenium.WebElementsExample">
    <ignored/>
  </testcase> <!-- TC_Class -->
</testsuite> <!-- Default test -->
