<?xml version="1.0" encoding="UTF-8"?>
<!-- Generated by org.testng.reporters.JUnitXMLReporter -->
<testsuite hostname="SYN-FLX-001" name="Test" tests="324" failures="16" timestamp="29 Jan 2020 21:38:04 GMT" time="347.583" errors="0">
  <testcase name="TC_01" time="4.268" classname="scenarios.LOC.AddressTypePost"/>
  <testcase name="TC_02" time="0.62" classname="scenarios.LOC.AddressTypePost"/>
  <testcase name="TC_03" time="0.699" classname="scenarios.LOC.AddressTypePost"/>
  <testcase name="TC_04" time="1.944" classname="scenarios.LOC.AddressTypePost"/>
  <testcase name="TC_05" time="0.481" classname="scenarios.LOC.AddressTypePost"/>
  <testcase name="TC_06" time="0.64" classname="scenarios.LOC.AddressTypePost"/>
  <testcase name="TC_07" time="1.835" classname="scenarios.LOC.AddressTypePost"/>
  <testcase name="TC_08" time="0.426" classname="scenarios.LOC.AddressTypePost"/>
  <testcase name="TC_09" time="0.508" classname="scenarios.LOC.AddressTypePost"/>
  <testcase name="TC_10" time="0.818" classname="scenarios.LOC.AddressTypePost"/>
  <testcase name="TC_11" time="1.804" classname="scenarios.LOC.AddressTypePost"/>
  <testcase name="TC_12" time="0.508" classname="scenarios.LOC.AddressTypePost"/>
  <testcase name="TC_13" time="0.478" classname="scenarios.LOC.AddressTypePost"/>
  <testcase name="TC_14" time="0.633" classname="scenarios.LOC.AddressTypePost"/>
  <testcase name="TC_15" time="0.465" classname="scenarios.LOC.AddressTypePost"/>
  <testcase name="TC_16" time="0.575" classname="scenarios.LOC.AddressTypePost"/>
  <testcase name="TC_17" time="1.727" classname="scenarios.LOC.AddressTypePost"/>
  <testcase name="TC_18" time="0.439" classname="scenarios.LOC.AddressTypePost"/>
  <testcase name="TC_01" time="1.292" classname="scenarios.LOC.AddressTypePut"/>
  <testcase name="TC_02" time="1.156" classname="scenarios.LOC.AddressTypePut"/>
  <testcase name="TC_03" time="0.488" classname="scenarios.LOC.AddressTypePut"/>
  <testcase name="TC_04" time="1.135" classname="scenarios.LOC.AddressTypePut"/>
  <testcase name="TC_05" time="1.074" classname="scenarios.LOC.AddressTypePut"/>
  <testcase name="TC_06" time="0.442" classname="scenarios.LOC.AddressTypePut"/>
  <testcase name="TC_07" time="1.056" classname="scenarios.LOC.AddressTypePut"/>
  <testcase name="TC_08" time="0.552" classname="scenarios.LOC.AddressTypePut"/>
  <testcase name="TC_09" time="0.446" classname="scenarios.LOC.AddressTypePut"/>
  <testcase name="TC_10" time="0.54" classname="scenarios.LOC.AddressTypePut"/>
  <testcase name="TC_11" time="1.222" classname="scenarios.LOC.AddressTypePut"/>
  <testcase name="TC_12" time="0.423" classname="scenarios.LOC.AddressTypePut"/>
  <testcase name="TC_13" time="0.486" classname="scenarios.LOC.AddressTypePut"/>
  <testcase name="TC_14" time="0.509" classname="scenarios.LOC.AddressTypePut"/>
  <testcase name="TC_15" time="0.426" classname="scenarios.LOC.AddressTypePut"/>
  <testcase name="TC_16" time="0.488" classname="scenarios.LOC.AddressTypePut"/>
  <testcase name="TC_17" time="1.277" classname="scenarios.LOC.AddressTypePut"/>
  <testcase name="TC_18" time="0.44" classname="scenarios.LOC.AddressTypePut"/>
  <testcase name="TC_01" time="2.259" classname="scenarios.LOC.OperationTypePost"/>
  <testcase name="TC_02" time="0.4" classname="scenarios.LOC.OperationTypePost"/>
  <testcase name="TC_03" time="0.592" classname="scenarios.LOC.OperationTypePost"/>
  <testcase name="TC_04" time="2.414" classname="scenarios.LOC.OperationTypePost"/>
  <testcase name="TC_05" time="0.408" classname="scenarios.LOC.OperationTypePost"/>
  <testcase name="TC_06" time="0.53" classname="scenarios.LOC.OperationTypePost"/>
  <testcase name="TC_07" time="1.941" classname="scenarios.LOC.OperationTypePost"/>
  <testcase name="TC_08" time="0.442" classname="scenarios.LOC.OperationTypePost"/>
  <testcase name="TC_09" time="0.505" classname="scenarios.LOC.OperationTypePost"/>
  <testcase name="TC_10" time="0.469" classname="scenarios.LOC.OperationTypePost"/>
  <testcase name="TC_11" time="1.97" classname="scenarios.LOC.OperationTypePost"/>
  <testcase name="TC_12" time="0.587" classname="scenarios.LOC.OperationTypePost"/>
  <testcase name="TC_13" time="0.554" classname="scenarios.LOC.OperationTypePost"/>
  <testcase name="TC_14" time="0.464" classname="scenarios.LOC.OperationTypePost"/>
  <testcase name="TC_15" time="0.489" classname="scenarios.LOC.OperationTypePost"/>
  <testcase name="TC_16" time="0.65" classname="scenarios.LOC.OperationTypePost"/>
  <testcase name="TC_17" time="1.896" classname="scenarios.LOC.OperationTypePost"/>
  <testcase name="TC_18" time="0.371" classname="scenarios.LOC.OperationTypePost"/>
  <testcase name="TC_01" time="0.39" classname="scenarios.LOC.OperationTypePut">
    <failure type="java.lang.AssertionError" message="Test Failed">
      <![CDATA[java.lang.AssertionError: Test Failed
	at scenarios.LOC.OperationTypePut.TC_01(OperationTypePut.java:142)
... Removed 26 stack frames]]>
    </failure>
  </testcase> <!-- TC_01 -->
  <testcase name="TC_02" time="0.478" classname="scenarios.LOC.OperationTypePut"/>
  <testcase name="TC_03" time="0.56" classname="scenarios.LOC.OperationTypePut">
    <failure type="java.lang.AssertionError" message="Test Failed">
      <![CDATA[java.lang.AssertionError: Test Failed
	at scenarios.LOC.OperationTypePut.TC_03(OperationTypePut.java:288)
... Removed 26 stack frames]]>
    </failure>
  </testcase> <!-- TC_03 -->
  <testcase name="TC_04" time="0.405" classname="scenarios.LOC.OperationTypePut"/>
  <testcase name="TC_05" time="0.384" classname="scenarios.LOC.OperationTypePut">
    <failure type="java.lang.AssertionError" message="Test Failed">
      <![CDATA[java.lang.AssertionError: Test Failed
	at scenarios.LOC.OperationTypePut.TC_05(OperationTypePut.java:424)
... Removed 26 stack frames]]>
    </failure>
  </testcase> <!-- TC_05 -->
  <testcase name="TC_06" time="0.402" classname="scenarios.LOC.OperationTypePut"/>
  <testcase name="TC_07" time="0.472" classname="scenarios.LOC.OperationTypePut"/>
  <testcase name="TC_08" time="0.529" classname="scenarios.LOC.OperationTypePut"/>
  <testcase name="TC_09" time="0.642" classname="scenarios.LOC.OperationTypePut">
    <failure type="java.lang.AssertionError" message="Test Failed">
      <![CDATA[java.lang.AssertionError: Test Failed
	at scenarios.LOC.OperationTypePut.TC_09(OperationTypePut.java:699)
... Removed 26 stack frames]]>
    </failure>
  </testcase> <!-- TC_09 -->
  <testcase name="TC_10" time="0.759" classname="scenarios.LOC.OperationTypePut"/>
  <testcase name="TC_11" time="0.498" classname="scenarios.LOC.OperationTypePut"/>
  <testcase name="TC_12" time="0.592" classname="scenarios.LOC.OperationTypePut"/>
  <testcase name="TC_13" time="0.586" classname="scenarios.LOC.OperationTypePut"/>
  <testcase name="TC_14" time="0.501" classname="scenarios.LOC.OperationTypePut"/>
  <testcase name="TC_15" time="0.577" classname="scenarios.LOC.OperationTypePut">
    <failure type="java.lang.AssertionError" message="Test Failed">
      <![CDATA[java.lang.AssertionError: Test Failed
	at scenarios.LOC.OperationTypePut.TC_15(OperationTypePut.java:1086)
... Removed 26 stack frames]]>
    </failure>
  </testcase> <!-- TC_15 -->
  <testcase name="TC_16" time="0.514" classname="scenarios.LOC.OperationTypePut"/>
  <testcase name="TC_17" time="0.478" classname="scenarios.LOC.OperationTypePut">
    <failure type="java.lang.AssertionError" message="Test Failed">
      <![CDATA[java.lang.AssertionError: Test Failed
	at scenarios.LOC.OperationTypePut.TC_17(OperationTypePut.java:1207)
... Removed 26 stack frames]]>
    </failure>
  </testcase> <!-- TC_17 -->
  <testcase name="TC_18" time="0.408" classname="scenarios.LOC.OperationTypePut">
    <failure type="java.lang.AssertionError" message="Test Failed">
      <![CDATA[java.lang.AssertionError: Test Failed
	at scenarios.LOC.OperationTypePut.TC_18(OperationTypePut.java:1272)
... Removed 26 stack frames]]>
    </failure>
  </testcase> <!-- TC_18 -->
  <testcase name="TC_01" time="2.728" classname="scenarios.LOC.PropertyTypePost"/>
  <testcase name="TC_02" time="0.389" classname="scenarios.LOC.PropertyTypePost"/>
  <testcase name="TC_03" time="0.536" classname="scenarios.LOC.PropertyTypePost"/>
  <testcase name="TC_04" time="0.948" classname="scenarios.LOC.PropertyTypePost"/>
  <testcase name="TC_05" time="0.957" classname="scenarios.LOC.PropertyTypePost"/>
  <testcase name="TC_06" time="2.565" classname="scenarios.LOC.PropertyTypePost"/>
  <testcase name="TC_07" time="0.773" classname="scenarios.LOC.PropertyTypePost"/>
  <testcase name="TC_08" time="0.442" classname="scenarios.LOC.PropertyTypePost"/>
  <testcase name="TC_09" time="0.488" classname="scenarios.LOC.PropertyTypePost"/>
  <testcase name="TC_10" time="0.553" classname="scenarios.LOC.PropertyTypePost"/>
  <testcase name="TC_11" time="0.874" classname="scenarios.LOC.PropertyTypePost"/>
  <testcase name="TC_12" time="1.192" classname="scenarios.LOC.PropertyTypePost"/>
  <testcase name="TC_13" time="2.466" classname="scenarios.LOC.PropertyTypePost"/>
  <testcase name="TC_14" time="0.894" classname="scenarios.LOC.PropertyTypePost"/>
  <testcase name="TC_15" time="1.294" classname="scenarios.LOC.PropertyTypePost"/>
  <testcase name="TC_16" time="0.883" classname="scenarios.LOC.PropertyTypePost"/>
  <testcase name="TC_17" time="0.706" classname="scenarios.LOC.PropertyTypePost"/>
  <testcase name="TC_18" time="0.982" classname="scenarios.LOC.PropertyTypePost"/>
  <testcase name="TC_19" time="0.906" classname="scenarios.LOC.PropertyTypePost"/>
  <testcase name="TC_20" time="0.909" classname="scenarios.LOC.PropertyTypePost"/>
  <testcase name="TC_21" time="0.961" classname="scenarios.LOC.PropertyTypePost"/>
  <testcase name="TC_22" time="0.964" classname="scenarios.LOC.PropertyTypePost"/>
  <testcase name="TC_23" time="0.959" classname="scenarios.LOC.PropertyTypePost"/>
  <testcase name="TC_01" time="1.036" classname="scenarios.LOC.PropertyTypePut">
    <failure type="java.lang.AssertionError" message="Test Failed">
      <![CDATA[java.lang.AssertionError: Test Failed
	at scenarios.LOC.PropertyTypePut.TC_01(PropertyTypePut.java:145)
... Removed 26 stack frames]]>
    </failure>
  </testcase> <!-- TC_01 -->
  <testcase name="TC_02" time="0.459" classname="scenarios.LOC.PropertyTypePut"/>
  <testcase name="TC_03" time="0.355" classname="scenarios.LOC.PropertyTypePut"/>
  <testcase name="TC_04" time="1.063" classname="scenarios.LOC.PropertyTypePut"/>
  <testcase name="TC_05" time="0.895" classname="scenarios.LOC.PropertyTypePut"/>
  <testcase name="TC_06" time="0.812" classname="scenarios.LOC.PropertyTypePut">
    <failure type="java.lang.AssertionError" message="Test Failed">
      <![CDATA[java.lang.AssertionError: Test Failed
	at scenarios.LOC.PropertyTypePut.TC_06(PropertyTypePut.java:488)
... Removed 26 stack frames]]>
    </failure>
  </testcase> <!-- TC_06 -->
  <testcase name="TC_07" time="0.772" classname="scenarios.LOC.PropertyTypePut">
    <failure type="java.lang.AssertionError" message="Test Failed">
      <![CDATA[java.lang.AssertionError: Test Failed
	at scenarios.LOC.PropertyTypePut.TC_07(PropertyTypePut.java:559)
... Removed 26 stack frames]]>
    </failure>
  </testcase> <!-- TC_07 -->
  <testcase name="TC_08" time="0.379" classname="scenarios.LOC.PropertyTypePut"/>
  <testcase name="TC_09" time="0.641" classname="scenarios.LOC.PropertyTypePut"/>
  <testcase name="TC_10" time="0.463" classname="scenarios.LOC.PropertyTypePut"/>
  <testcase name="TC_11" time="1.099" classname="scenarios.LOC.PropertyTypePut"/>
  <testcase name="TC_12" time="0.942" classname="scenarios.LOC.PropertyTypePut"/>
  <testcase name="TC_13" time="0.835" classname="scenarios.LOC.PropertyTypePut">
    <failure type="java.lang.AssertionError" message="Test Failed">
      <![CDATA[java.lang.AssertionError: Test Failed
	at scenarios.LOC.PropertyTypePut.TC_13(PropertyTypePut.java:957)
... Removed 26 stack frames]]>
    </failure>
  </testcase> <!-- TC_13 -->
  <testcase name="TC_14" time="1.048" classname="scenarios.LOC.PropertyTypePut"/>
  <testcase name="TC_15" time="0.967" classname="scenarios.LOC.PropertyTypePut"/>
  <testcase name="TC_16" time="1.016" classname="scenarios.LOC.PropertyTypePut"/>
  <testcase name="TC_17" time="0.563" classname="scenarios.LOC.PropertyTypePut"/>
  <testcase name="TC_18" time="1.115" classname="scenarios.LOC.PropertyTypePut"/>
  <testcase name="TC_19" time="0.968" classname="scenarios.LOC.PropertyTypePut"/>
  <testcase name="TC_20" time="0.903" classname="scenarios.LOC.PropertyTypePut"/>
  <testcase name="TC_21" time="0.964" classname="scenarios.LOC.PropertyTypePut"/>
  <testcase name="TC_22" time="0.83" classname="scenarios.LOC.PropertyTypePut"/>
  <testcase name="TC_23" time="0.944" classname="scenarios.LOC.PropertyTypePut"/>
  <testcase name="TC_24" time="0.8" classname="scenarios.LOC.PropertyTypePut"/>
  <testcase name="TC_25" time="0.54" classname="scenarios.LOC.PropertyTypePut"/>
  <testcase name="TC_01" time="1.316" classname="scenarios.LOC.RelationshipTypePut"/>
  <testcase name="TC_02" time="0.481" classname="scenarios.LOC.RelationshipTypePut"/>
  <testcase name="TC_03" time="0.58" classname="scenarios.LOC.RelationshipTypePut"/>
  <testcase name="TC_04" time="0.513" classname="scenarios.LOC.RelationshipTypePut"/>
  <testcase name="TC_05" time="1.247" classname="scenarios.LOC.RelationshipTypePut"/>
  <testcase name="TC_06" time="0.433" classname="scenarios.LOC.RelationshipTypePut"/>
  <testcase name="TC_07" time="1.159" classname="scenarios.LOC.RelationshipTypePut"/>
  <testcase name="TC_08" time="0.32" classname="scenarios.LOC.RelationshipTypePut"/>
  <testcase name="TC_09" time="0.661" classname="scenarios.LOC.RelationshipTypePut"/>
  <testcase name="TC_10" time="0.629" classname="scenarios.LOC.RelationshipTypePut"/>
  <testcase name="TC_11" time="0.437" classname="scenarios.LOC.RelationshipTypePut"/>
  <testcase name="TC_12" time="1.075" classname="scenarios.LOC.RelationshipTypePut"/>
  <testcase name="TC_13" time="0.457" classname="scenarios.LOC.RelationshipTypePut"/>
  <testcase name="TC_14" time="0.547" classname="scenarios.LOC.RelationshipTypePut"/>
  <testcase name="TC_15" time="0.532" classname="scenarios.LOC.RelationshipTypePut"/>
  <testcase name="TC_16" time="0.592" classname="scenarios.LOC.RelationshipTypePut"/>
  <testcase name="TC_17" time="0.531" classname="scenarios.LOC.RelationshipTypePut">
    <failure type="java.lang.AssertionError" message="Test Failed">
      <![CDATA[java.lang.AssertionError: Test Failed
	at scenarios.LOC.RelationshipTypePut.TC_17(RelationshipTypePut.java:1198)
... Removed 26 stack frames]]>
    </failure>
  </testcase> <!-- TC_17 -->
  <testcase name="TC_18" time="0.53" classname="scenarios.LOC.RelationshipTypePut"/>
  <testcase name="TC_01" time="2.038" classname="scenarios.LOC.RelationshipTypePost"/>
  <testcase name="TC_02" time="1.717" classname="scenarios.LOC.RelationshipTypePost"/>
  <testcase name="TC_03" time="1.765" classname="scenarios.LOC.RelationshipTypePost"/>
  <testcase name="TC_04" time="1.813" classname="scenarios.LOC.RelationshipTypePost"/>
  <testcase name="TC_05" time="1.923" classname="scenarios.LOC.RelationshipTypePost"/>
  <testcase name="TC_06" time="0.725" classname="scenarios.LOC.RelationshipTypePost"/>
  <testcase name="TC_07" time="0.472" classname="scenarios.LOC.RelationshipTypePost"/>
  <testcase name="TC_08" time="0.601" classname="scenarios.LOC.RelationshipTypePost"/>
  <testcase name="TC_09" time="0.505" classname="scenarios.LOC.RelationshipTypePost"/>
  <testcase name="TC_10" time="0.575" classname="scenarios.LOC.RelationshipTypePost"/>
  <testcase name="TC_11" time="0.484" classname="scenarios.LOC.RelationshipTypePost"/>
  <testcase name="TC_12" time="0.475" classname="scenarios.LOC.RelationshipTypePost"/>
  <testcase name="TC_13" time="0.643" classname="scenarios.LOC.RelationshipTypePost"/>
  <testcase name="TC_14" time="0.528" classname="scenarios.LOC.RelationshipTypePost"/>
  <testcase name="TC_15" time="0.601" classname="scenarios.LOC.RelationshipTypePost"/>
  <testcase name="TC_16" time="0.568" classname="scenarios.LOC.RelationshipTypePost"/>
  <testcase name="TC_17" time="0.45" classname="scenarios.LOC.RelationshipTypePost"/>
  <testcase name="TC_18" time="0.53" classname="scenarios.LOC.RelationshipTypePost"/>
  <testcase name="TC_19" time="0.474" classname="scenarios.LOC.RelationshipTypePost"/>
  <testcase name="TC_20" time="0.461" classname="scenarios.LOC.RelationshipTypePost"/>
  <testcase name="TC_01" time="0.414" classname="scenarios.LOC.OperToOperPut">
    <failure type="java.lang.AssertionError" message="Test Failed">
      <![CDATA[java.lang.AssertionError: Test Failed
	at scenarios.LOC.OperToOperPut.TC_01(OperToOperPut.java:145)
... Removed 26 stack frames]]>
    </failure>
  </testcase> <!-- TC_01 -->
  <testcase name="TC_02" time="0.333" classname="scenarios.LOC.OperToOperPut"/>
  <testcase name="TC_03" time="0.391" classname="scenarios.LOC.OperToOperPut"/>
  <testcase name="TC_04" time="0.411" classname="scenarios.LOC.OperToOperPut"/>
  <testcase name="TC_05" time="0.458" classname="scenarios.LOC.OperToOperPut">
    <failure type="java.lang.AssertionError" message="Test Failed">
      <![CDATA[java.lang.AssertionError: Test Failed
	at scenarios.LOC.OperToOperPut.TC_05(OperToOperPut.java:421)
... Removed 26 stack frames]]>
    </failure>
  </testcase> <!-- TC_05 -->
  <testcase name="TC_06" time="0.619" classname="scenarios.LOC.OperToOperPut"/>
  <testcase name="TC_07" time="0.397" classname="scenarios.LOC.OperToOperPut">
    <failure type="java.lang.AssertionError" message="Test Failed">
      <![CDATA[java.lang.AssertionError: Test Failed
	at scenarios.LOC.OperToOperPut.TC_07(OperToOperPut.java:554)
... Removed 26 stack frames]]>
    </failure>
  </testcase> <!-- TC_07 -->
  <testcase name="TC_08" time="0.396" classname="scenarios.LOC.OperToOperPut"/>
  <testcase name="TC_09" time="0.404" classname="scenarios.LOC.OperToOperPut"/>
  <testcase name="TC_10" time="0.574" classname="scenarios.LOC.OperToOperPut"/>
  <testcase name="TC_11" time="0.651" classname="scenarios.LOC.OperToOperPut"/>
  <testcase name="TC_12" time="0.443" classname="scenarios.LOC.OperToOperPut">
    <failure type="java.lang.AssertionError" message="Test Failed">
      <![CDATA[java.lang.AssertionError: Test Failed
	at scenarios.LOC.OperToOperPut.TC_12(OperToOperPut.java:896)
... Removed 26 stack frames]]>
    </failure>
  </testcase> <!-- TC_12 -->
  <testcase name="TC_13" time="0.353" classname="scenarios.LOC.OperToOperPut"/>
  <testcase name="TC_14" time="0.552" classname="scenarios.LOC.OperToOperPut"/>
  <testcase name="TC_15" time="0.475" classname="scenarios.LOC.OperToOperPut"/>
  <testcase name="TC_16" time="0.603" classname="scenarios.LOC.OperToOperPut"/>
  <testcase name="TC_17" time="1.204" classname="scenarios.LOC.OperToOperPut"/>
  <testcase name="TC_18" time="0.441" classname="scenarios.LOC.OperToOperPut"/>
  <testcase name="TC_19" time="0.484" classname="scenarios.LOC.OperToOperPut"/>
  <testcase name="TC_20" time="0.445" classname="scenarios.LOC.OperToOperPut"/>
  <testcase name="TC_01" time="1.903" classname="scenarios.LOC.OperToOperPost"/>
  <testcase name="TC_02" time="1.91" classname="scenarios.LOC.OperToOperPost"/>
  <testcase name="TC_03" time="1.77" classname="scenarios.LOC.OperToOperPost"/>
  <testcase name="TC_04" time="1.792" classname="scenarios.LOC.OperToOperPost"/>
  <testcase name="TC_05" time="1.917" classname="scenarios.LOC.OperToOperPost"/>
  <testcase name="TC_06" time="0.58" classname="scenarios.LOC.OperToOperPost"/>
  <testcase name="TC_07" time="0.435" classname="scenarios.LOC.OperToOperPost"/>
  <testcase name="TC_08" time="0.494" classname="scenarios.LOC.OperToOperPost"/>
  <testcase name="TC_09" time="0.444" classname="scenarios.LOC.OperToOperPost"/>
  <testcase name="TC_10" time="0.474" classname="scenarios.LOC.OperToOperPost"/>
  <testcase name="TC_11" time="0.642" classname="scenarios.LOC.OperToOperPost"/>
  <testcase name="TC_12" time="0.521" classname="scenarios.LOC.OperToOperPost"/>
  <testcase name="TC_13" time="0.675" classname="scenarios.LOC.OperToOperPost"/>
  <testcase name="TC_14" time="0.461" classname="scenarios.LOC.OperToOperPost"/>
  <testcase name="TC_15" time="0.438" classname="scenarios.LOC.OperToOperPost"/>
  <testcase name="TC_16" time="0.493" classname="scenarios.LOC.OperToOperPost"/>
  <testcase name="TC_17" time="0.637" classname="scenarios.LOC.OperToOperPost"/>
  <testcase name="TC_18" time="0.418" classname="scenarios.LOC.OperToOperPost"/>
  <testcase name="TC_19" time="0.453" classname="scenarios.LOC.OperToOperPost"/>
  <testcase name="TC_20" time="0.465" classname="scenarios.LOC.OperToOperPost"/>
  <testcase name="TC_21" time="0.415" classname="scenarios.LOC.OperToOperPost"/>
  <testcase name="TC_22" time="0.486" classname="scenarios.LOC.OperToOperPost"/>
  <testcase name="TC_23" time="0.385" classname="scenarios.LOC.OperToOperPost"/>
  <testcase name="TC_01" time="1.361" classname="scenarios.LOC.LocTypePut"/>
  <testcase name="TC_02" time="0.533" classname="scenarios.LOC.LocTypePut"/>
  <testcase name="TC_03" time="1.271" classname="scenarios.LOC.LocTypePut"/>
  <testcase name="TC_04" time="0.396" classname="scenarios.LOC.LocTypePut"/>
  <testcase name="TC_05" time="1.264" classname="scenarios.LOC.LocTypePut"/>
  <testcase name="TC_06" time="0.423" classname="scenarios.LOC.LocTypePut"/>
  <testcase name="TC_07" time="0.461" classname="scenarios.LOC.LocTypePut"/>
  <testcase name="TC_08" time="0.39" classname="scenarios.LOC.LocTypePut"/>
  <testcase name="TC_09" time="1.109" classname="scenarios.LOC.LocTypePut"/>
  <testcase name="TC_10" time="0.359" classname="scenarios.LOC.LocTypePut"/>
  <testcase name="TC_11" time="0.347" classname="scenarios.LOC.LocTypePut"/>
  <testcase name="TC_12" time="0.583" classname="scenarios.LOC.LocTypePut"/>
  <testcase name="TC_13" time="0.499" classname="scenarios.LOC.LocTypePut"/>
  <testcase name="TC_14" time="0.432" classname="scenarios.LOC.LocTypePut"/>
  <testcase name="TC_15" time="1.279" classname="scenarios.LOC.LocTypePut"/>
  <testcase name="TC_16" time="0.345" classname="scenarios.LOC.LocTypePut"/>
  <testcase name="TC_17" time="1.165" classname="scenarios.LOC.LocTypePut"/>
  <testcase name="TC_18" time="1.054" classname="scenarios.LOC.LocTypePut"/>
  <testcase name="TC_01" time="1.972" classname="scenarios.LOC.LocTypePost"/>
  <testcase name="TC_02" time="0.449" classname="scenarios.LOC.LocTypePost"/>
  <testcase name="TC_03" time="0.484" classname="scenarios.LOC.LocTypePost"/>
  <testcase name="TC_04" time="1.896" classname="scenarios.LOC.LocTypePost"/>
  <testcase name="TC_05" time="0.568" classname="scenarios.LOC.LocTypePost"/>
  <testcase name="TC_06" time="0.407" classname="scenarios.LOC.LocTypePost"/>
  <testcase name="TC_07" time="2.807" classname="scenarios.LOC.LocTypePost"/>
  <testcase name="TC_08" time="0.577" classname="scenarios.LOC.LocTypePost"/>
  <testcase name="TC_09" time="0.521" classname="scenarios.LOC.LocTypePost"/>
  <testcase name="TC_10" time="0.47" classname="scenarios.LOC.LocTypePost"/>
  <testcase name="TC_11" time="1.821" classname="scenarios.LOC.LocTypePost"/>
  <testcase name="TC_12" time="0.63" classname="scenarios.LOC.LocTypePost"/>
  <testcase name="TC_13" time="0.505" classname="scenarios.LOC.LocTypePost"/>
  <testcase name="TC_14" time="0.659" classname="scenarios.LOC.LocTypePost"/>
  <testcase name="TC_15" time="0.474" classname="scenarios.LOC.LocTypePost"/>
  <testcase name="TC_16" time="0.451" classname="scenarios.LOC.LocTypePost"/>
  <testcase name="TC_17" time="2.523" classname="scenarios.LOC.LocTypePost"/>
  <testcase name="TC_18" time="0.396" classname="scenarios.LOC.LocTypePost"/>
  <testcase name="TC_01" time="1.819" classname="scenarios.LOC.StatusTypePost"/>
  <testcase name="TC_02" time="1.758" classname="scenarios.LOC.StatusTypePost"/>
  <testcase name="TC_03" time="1.975" classname="scenarios.LOC.StatusTypePost"/>
  <testcase name="TC_04" time="1.846" classname="scenarios.LOC.StatusTypePost"/>
  <testcase name="TC_05" time="1.788" classname="scenarios.LOC.StatusTypePost"/>
  <testcase name="TC_06" time="1.901" classname="scenarios.LOC.StatusTypePost"/>
  <testcase name="TC_07" time="2.256" classname="scenarios.LOC.StatusTypePost"/>
  <testcase name="TC_08" time="1.845" classname="scenarios.LOC.StatusTypePost"/>
  <testcase name="TC_09" time="0.49" classname="scenarios.LOC.StatusTypePost"/>
  <testcase name="TC_10" time="0.489" classname="scenarios.LOC.StatusTypePost"/>
  <testcase name="TC_11" time="0.375" classname="scenarios.LOC.StatusTypePost"/>
  <testcase name="TC_12" time="0.661" classname="scenarios.LOC.StatusTypePost"/>
  <testcase name="TC_13" time="0.524" classname="scenarios.LOC.StatusTypePost"/>
  <testcase name="TC_14" time="0.371" classname="scenarios.LOC.StatusTypePost"/>
  <testcase name="TC_15" time="0.613" classname="scenarios.LOC.StatusTypePost"/>
  <testcase name="TC_16" time="0.519" classname="scenarios.LOC.StatusTypePost"/>
  <testcase name="TC_17" time="0.528" classname="scenarios.LOC.StatusTypePost"/>
  <testcase name="TC_18" time="0.429" classname="scenarios.LOC.StatusTypePost"/>
  <testcase name="TC_19" time="0.48" classname="scenarios.LOC.StatusTypePost"/>
  <testcase name="TC_20" time="1.745" classname="scenarios.LOC.StatusTypePost"/>
  <testcase name="TC_21" time="1.906" classname="scenarios.LOC.StatusTypePost"/>
  <testcase name="TC_22" time="1.803" classname="scenarios.LOC.StatusTypePost"/>
  <testcase name="TC_23" time="0.423" classname="scenarios.LOC.StatusTypePost"/>
  <testcase name="TC_24" time="0.571" classname="scenarios.LOC.StatusTypePost"/>
  <testcase name="TC_25" time="0.405" classname="scenarios.LOC.StatusTypePost"/>
  <testcase name="TC_26" time="0.452" classname="scenarios.LOC.StatusTypePost"/>
  <testcase name="TC_27" time="0.42" classname="scenarios.LOC.StatusTypePost"/>
  <testcase name="TC_28" time="0.483" classname="scenarios.LOC.StatusTypePost"/>
  <testcase name="TC_29" time="0.449" classname="scenarios.LOC.StatusTypePost"/>
  <testcase name="TC_30" time="0.422" classname="scenarios.LOC.StatusTypePost"/>
  <testcase name="TC_31" time="0.445" classname="scenarios.LOC.StatusTypePost"/>
  <testcase name="TC_32" time="0.534" classname="scenarios.LOC.StatusTypePost"/>
  <testcase name="TC_33" time="1.818" classname="scenarios.LOC.StatusTypePost"/>
  <testcase name="TC_34" time="1.801" classname="scenarios.LOC.StatusTypePost"/>
  <testcase name="TC_35" time="1.741" classname="scenarios.LOC.StatusTypePost"/>
  <testcase name="TC_36" time="0.455" classname="scenarios.LOC.StatusTypePost"/>
  <testcase name="TC_37" time="0.682" classname="scenarios.LOC.StatusTypePost"/>
  <testcase name="TC_38" time="0.469" classname="scenarios.LOC.StatusTypePost"/>
  <testcase name="TC_39" time="0.371" classname="scenarios.LOC.StatusTypePost"/>
  <testcase name="TC_40" time="0.498" classname="scenarios.LOC.StatusTypePost"/>
  <testcase name="TC_41" time="0.568" classname="scenarios.LOC.StatusTypePost"/>
  <testcase name="TC_42" time="0.566" classname="scenarios.LOC.StatusTypePost"/>
  <testcase name="TC_43" time="0.487" classname="scenarios.LOC.StatusTypePost"/>
  <testcase name="TC_44" time="0.553" classname="scenarios.LOC.StatusTypePost"/>
  <testcase name="TC_45" time="0.414" classname="scenarios.LOC.StatusTypePost"/>
  <testcase name="TC_46" time="1.821" classname="scenarios.LOC.StatusTypePost"/>
  <testcase name="TC_47" time="2.178" classname="scenarios.LOC.StatusTypePost"/>
  <testcase name="TC_48" time="1.945" classname="scenarios.LOC.StatusTypePost"/>
  <testcase name="TC_49" time="0.418" classname="scenarios.LOC.StatusTypePost"/>
  <testcase name="TC_50" time="0.545" classname="scenarios.LOC.StatusTypePost"/>
  <testcase name="TC_51" time="0.402" classname="scenarios.LOC.StatusTypePost"/>
  <testcase name="TC_52" time="0.532" classname="scenarios.LOC.StatusTypePost"/>
  <testcase name="TC_53" time="0.447" classname="scenarios.LOC.StatusTypePost"/>
  <testcase name="TC_54" time="0.528" classname="scenarios.LOC.StatusTypePost"/>
  <testcase name="TC_55" time="0.391" classname="scenarios.LOC.StatusTypePost"/>
  <testcase name="TC_56" time="0.434" classname="scenarios.LOC.StatusTypePost"/>
  <testcase name="TC_57" time="0.558" classname="scenarios.LOC.StatusTypePost"/>
  <testcase name="TC_58" time="0.486" classname="scenarios.LOC.StatusTypePost"/>
  <testcase name="TC_59" time="4.704" classname="scenarios.LOC.StatusTypePost"/>
  <testcase name="TC_60" time="1.846" classname="scenarios.LOC.StatusTypePost"/>
  <testcase name="TC_61" time="2.148" classname="scenarios.LOC.StatusTypePost"/>
  <testcase name="TC_62" time="0.457" classname="scenarios.LOC.StatusTypePost"/>
  <testcase name="TC_63" time="0.633" classname="scenarios.LOC.StatusTypePost"/>
  <testcase name="TC_64" time="0.446" classname="scenarios.LOC.StatusTypePost"/>
  <testcase name="TC_65" time="0.526" classname="scenarios.LOC.StatusTypePost"/>
  <testcase name="TC_66" time="0.425" classname="scenarios.LOC.StatusTypePost"/>
  <testcase name="TC_67" time="0.514" classname="scenarios.LOC.StatusTypePost"/>
  <testcase name="TC_68" time="0.497" classname="scenarios.LOC.StatusTypePost"/>
  <testcase name="TC_69" time="0.715" classname="scenarios.LOC.StatusTypePost"/>
  <testcase name="TC_70" time="0.469" classname="scenarios.LOC.StatusTypePost"/>
  <testcase name="TC_71" time="0.38" classname="scenarios.LOC.StatusTypePost"/>
  <testcase name="TC_72" time="0.523" classname="scenarios.LOC.StatusTypePost"/>
  <testcase name="TC_73" time="1.95" classname="scenarios.LOC.StatusTypePost"/>
  <testcase name="TC_74" time="1.718" classname="scenarios.LOC.StatusTypePost"/>
  <testcase name="TC_75" time="1.886" classname="scenarios.LOC.StatusTypePost"/>
  <testcase name="TC_76" time="1.824" classname="scenarios.LOC.StatusTypePost"/>
  <testcase name="TC_77" time="1.778" classname="scenarios.LOC.StatusTypePost"/>
  <testcase name="TC_80" time="0.483" classname="scenarios.LOC.StatusTypePost"/>
  <testcase name="TC_01" time="1.714" classname="scenarios.LOC.StatusTypeGet"/>
  <testcase name="TC_02" time="1.008" classname="scenarios.LOC.StatusTypeGet"/>
  <testcase name="TC_03" time="1.071" classname="scenarios.LOC.StatusTypeGet"/>
  <testcase name="TC_04" time="1.002" classname="scenarios.LOC.StatusTypeGet"/>
  <testcase name="TC_05" time="1.06" classname="scenarios.LOC.StatusTypeGet"/>
  <testcase name="TC_06" time="0.481" classname="scenarios.LOC.StatusTypeGet"/>
  <testcase name="TC_07" time="0.267" classname="scenarios.LOC.StatusTypeGet"/>
  <testcase name="TC_08" time="0.255" classname="scenarios.LOC.StatusTypeGet"/>
  <testcase name="TC_09" time="0.259" classname="scenarios.LOC.StatusTypeGet"/>
</testsuite> <!-- Test -->
