<?xml version="1.0" encoding="UTF-8"?>
<testng-results skipped="0" failed="0" ignored="0" total="1" passed="1">
  <reporter-output>
  </reporter-output>
  <suite name="Default suite" duration-ms="2607" started-at="2020-06-24T03:21:34 IST" finished-at="2020-06-24T03:21:37 IST">
    <groups>
    </groups>
    <test name="Default test" duration-ms="2607" started-at="2020-06-24T03:21:34 IST" finished-at="2020-06-24T03:21:37 IST">
      <class name="scenarios.LOC.StatusTypePost">
        <test-method status="PASS" signature="before()[pri:0, instance:scenarios.LOC.StatusTypePost@3d99d22e]" name="before" is-config="true" duration-ms="977" started-at="2020-06-24T03:21:34 IST" finished-at="2020-06-24T03:21:35 IST">
          <reporter-output>
          </reporter-output>
        </test-method> <!-- before -->
        <test-method status="PASS" signature="TC_05()[pri:0, instance:scenarios.LOC.StatusTypePost@3d99d22e]" name="TC_05" duration-ms="1561" started-at="2020-06-24T03:21:35 IST" finished-at="2020-06-24T03:21:37 IST">
          <reporter-output>
          </reporter-output>
        </test-method> <!-- TC_05 -->
      </class> <!-- scenarios.LOC.StatusTypePost -->
    </test> <!-- Default test -->
  </suite> <!-- Default suite -->
</testng-results>
