<?xml version="1.0" encoding="UTF-8"?>
<testng-results skipped="0" failed="0" ignored="0" total="1" passed="1">
  <reporter-output>
  </reporter-output>
  <suite name="Default suite" duration-ms="1228" started-at="2020-06-24T02:29:51 IST" finished-at="2020-06-24T02:29:53 IST">
    <groups>
    </groups>
    <test name="Default test" duration-ms="1228" started-at="2020-06-24T02:29:51 IST" finished-at="2020-06-24T02:29:53 IST">
      <class name="com.apache.test.DataDrvienUsingTestNG">
        <test-method status="PASS" signature="ReadData()[pri:0, instance:com.apache.test.DataDrvienUsingTestNG@2758fe70]" name="ReadData" duration-ms="1169" started-at="2020-06-24T02:29:51 IST" finished-at="2020-06-24T02:29:52 IST">
          <reporter-output>
          </reporter-output>
        </test-method> <!-- ReadData -->
      </class> <!-- com.apache.test.DataDrvienUsingTestNG -->
    </test> <!-- Default test -->
  </suite> <!-- Default suite -->
</testng-results>
