<?xml version="1.0" encoding="UTF-8"?>
<testng-results skipped="0" failed="0" ignored="0" total="1" passed="1">
  <reporter-output>
  </reporter-output>
  <suite name="Default suite" duration-ms="18178" started-at="2020-06-14T04:53:51Z" finished-at="2020-06-14T04:54:09Z">
    <groups>
    </groups>
    <test name="Default test" duration-ms="18178" started-at="2020-06-14T04:53:51Z" finished-at="2020-06-14T04:54:09Z">
      <class name="com.create.account.GoogleSearchSteps">
        <test-method status="PASS" signature="Test()[pri:0, instance:com.create.account.GoogleSearchSteps@7ce6a65d]" name="Test" duration-ms="18143" started-at="2020-06-14T04:53:51Z" finished-at="2020-06-14T04:54:09Z">
          <reporter-output>
          </reporter-output>
        </test-method> <!-- Test -->
      </class> <!-- com.create.account.GoogleSearchSteps -->
    </test> <!-- Default test -->
  </suite> <!-- Default suite -->
</testng-results>
