<?xml version="1.0" encoding="UTF-8"?>
<!-- Generated by org.testng.reporters.JUnitXMLReporter -->
<testsuite hostname="DESKTOP-N6C6OOV" ignored="0" name="Default test" tests="4" failures="0" timestamp="2020-08-19T17:41:25 IST" time="40.788" errors="0">
  <testcase name="TC_01" time="5.764" classname="com.zinrelo.scanarios.EndToEndTest4"/>
  <testcase name="TC_02" time="10.93" classname="com.zinrelo.scanarios.EndToEndTest4"/>
  <testcase name="TC_03" time="6.951" classname="com.zinrelo.scanarios.EndToEndTest4"/>
  <testcase name="TC_04" time="3.335" classname="com.zinrelo.scanarios.EndToEndTest4"/>
</testsuite> <!-- Default test -->
