<?xml version="1.0" encoding="UTF-8"?>
<testng-results skipped="0" failed="0" ignored="0" total="1" passed="1">
  <reporter-output>
  </reporter-output>
  <suite name="Default suite" duration-ms="5527" started-at="2020-08-17T13:19:26 IST" finished-at="2020-08-17T13:19:31 IST">
    <groups>
    </groups>
    <test name="Default test" duration-ms="5527" started-at="2020-08-17T13:19:26 IST" finished-at="2020-08-17T13:19:31 IST">
      <class name="com.rest.basics.APIs">
        <test-method status="PASS" signature="addbook()[pri:0, instance:com.rest.basics.APIs@bd8db5a]" name="addbook" duration-ms="5450" started-at="2020-08-17T13:19:26 IST" finished-at="2020-08-17T13:19:31 IST">
          <reporter-output>
          </reporter-output>
        </test-method> <!-- addbook -->
      </class> <!-- com.rest.basics.APIs -->
    </test> <!-- Default test -->
  </suite> <!-- Default suite -->
</testng-results>
