<?xml version="1.0" encoding="UTF-8"?>
<testng-results skipped="0" failed="0" ignored="0" total="4" passed="4">
  <reporter-output>
  </reporter-output>
  <suite name="Default suite" duration-ms="40788" started-at="2020-08-19T17:40:44 IST" finished-at="2020-08-19T17:41:25 IST">
    <groups>
    </groups>
    <test name="Default test" duration-ms="40788" started-at="2020-08-19T17:40:44 IST" finished-at="2020-08-19T17:41:25 IST">
      <class name="com.zinrelo.scanarios.EndToEndTest4">
        <test-method status="PASS" signature="BeforeSuite()[pri:0, instance:com.zinrelo.scanarios.EndToEndTest4@2c039ac6]" name="BeforeSuite" is-config="true" duration-ms="17" started-at="2020-08-19T17:40:44 IST" finished-at="2020-08-19T17:40:44 IST">
          <reporter-output>
          </reporter-output>
        </test-method> <!-- BeforeSuite -->
        <test-method status="PASS" signature="BeforeTest()[pri:0, instance:com.zinrelo.scanarios.EndToEndTest4@2c039ac6]" name="BeforeTest" is-config="true" duration-ms="12791" started-at="2020-08-19T17:40:44 IST" finished-at="2020-08-19T17:40:57 IST">
          <reporter-output>
          </reporter-output>
        </test-method> <!-- BeforeTest -->
        <test-method status="PASS" signature="startReport()[pri:0, instance:com.zinrelo.scanarios.EndToEndTest4@2c039ac6]" name="startReport" is-config="true" duration-ms="282" started-at="2020-08-19T17:40:57 IST" finished-at="2020-08-19T17:40:57 IST">
          <reporter-output>
          </reporter-output>
        </test-method> <!-- startReport -->
        <test-method status="PASS" signature="startRepo(java.lang.reflect.Method)[pri:0, instance:com.zinrelo.scanarios.EndToEndTest4@2c039ac6]" name="startRepo" is-config="true" duration-ms="30" started-at="2020-08-19T17:40:57 IST" finished-at="2020-08-19T17:40:57 IST">
          <params>
            <param index="0">
              <value>
                <![CDATA[public static void com.zinrelo.scanarios.EndToEndTest4.TC_01() throws java.io.IOException,java.lang.InterruptedException]]>
              </value>
            </param>
          </params>
          <reporter-output>
          </reporter-output>
        </test-method> <!-- startRepo -->
        <test-method status="PASS" signature="TC_01()[pri:0, instance:com.zinrelo.scanarios.EndToEndTest4@2c039ac6]" name="TC_01" duration-ms="5764" started-at="2020-08-19T17:40:57 IST" finished-at="2020-08-19T17:41:03 IST">
          <reporter-output>
          </reporter-output>
        </test-method> <!-- TC_01 -->
        <test-method status="PASS" signature="startRepo(java.lang.reflect.Method)[pri:0, instance:com.zinrelo.scanarios.EndToEndTest4@2c039ac6]" name="startRepo" is-config="true" duration-ms="10" started-at="2020-08-19T17:41:03 IST" finished-at="2020-08-19T17:41:03 IST">
          <params>
            <param index="0">
              <value>
                <![CDATA[public void com.zinrelo.scanarios.EndToEndTest4.TC_02() throws java.io.IOException,java.lang.InterruptedException]]>
              </value>
            </param>
          </params>
          <reporter-output>
          </reporter-output>
        </test-method> <!-- startRepo -->
        <test-method status="PASS" signature="TC_02()[pri:0, instance:com.zinrelo.scanarios.EndToEndTest4@2c039ac6]" name="TC_02" duration-ms="10930" started-at="2020-08-19T17:41:03 IST" finished-at="2020-08-19T17:41:14 IST">
          <reporter-output>
          </reporter-output>
        </test-method> <!-- TC_02 -->
        <test-method status="PASS" signature="startRepo(java.lang.reflect.Method)[pri:0, instance:com.zinrelo.scanarios.EndToEndTest4@2c039ac6]" name="startRepo" is-config="true" duration-ms="7" started-at="2020-08-19T17:41:14 IST" finished-at="2020-08-19T17:41:14 IST">
          <params>
            <param index="0">
              <value>
                <![CDATA[public void com.zinrelo.scanarios.EndToEndTest4.TC_03() throws java.io.IOException,java.lang.InterruptedException]]>
              </value>
            </param>
          </params>
          <reporter-output>
          </reporter-output>
        </test-method> <!-- startRepo -->
        <test-method status="PASS" signature="TC_03()[pri:0, instance:com.zinrelo.scanarios.EndToEndTest4@2c039ac6]" name="TC_03" duration-ms="6951" started-at="2020-08-19T17:41:14 IST" finished-at="2020-08-19T17:41:21 IST">
          <reporter-output>
          </reporter-output>
        </test-method> <!-- TC_03 -->
        <test-method status="PASS" signature="startRepo(java.lang.reflect.Method)[pri:0, instance:com.zinrelo.scanarios.EndToEndTest4@2c039ac6]" name="startRepo" is-config="true" duration-ms="8" started-at="2020-08-19T17:41:21 IST" finished-at="2020-08-19T17:41:21 IST">
          <params>
            <param index="0">
              <value>
                <![CDATA[public void com.zinrelo.scanarios.EndToEndTest4.TC_04() throws java.io.IOException,java.lang.InterruptedException]]>
              </value>
            </param>
          </params>
          <reporter-output>
          </reporter-output>
        </test-method> <!-- startRepo -->
        <test-method status="PASS" signature="TC_04()[pri:0, instance:com.zinrelo.scanarios.EndToEndTest4@2c039ac6]" name="TC_04" duration-ms="3335" started-at="2020-08-19T17:41:21 IST" finished-at="2020-08-19T17:41:24 IST">
          <reporter-output>
          </reporter-output>
        </test-method> <!-- TC_04 -->
        <test-method status="PASS" signature="endReport()[pri:0, instance:com.zinrelo.scanarios.EndToEndTest4@2c039ac6]" name="endReport" is-config="true" duration-ms="605" started-at="2020-08-19T17:41:24 IST" finished-at="2020-08-19T17:41:25 IST">
          <reporter-output>
          </reporter-output>
        </test-method> <!-- endReport -->
      </class> <!-- com.zinrelo.scanarios.EndToEndTest4 -->
    </test> <!-- Default test -->
  </suite> <!-- Default suite -->
</testng-results>
