<?xml version="1.0" encoding="UTF-8"?>
<testng-results skipped="0" failed="1" ignored="0" total="4" passed="3">
  <reporter-output>
  </reporter-output>
  <suite name="Default suite" duration-ms="17815" started-at="2020-08-19T00:02:43 IST" finished-at="2020-08-19T00:03:01 IST">
    <groups>
    </groups>
    <test name="Default test" duration-ms="17815" started-at="2020-08-19T00:02:43 IST" finished-at="2020-08-19T00:03:01 IST">
      <class name="com.zinrelo.scanarios.Print">
        <test-method status="PASS" signature="BeforeSuite()[pri:0, instance:com.zinrelo.scanarios.Print@436e852b]" name="BeforeSuite" is-config="true" duration-ms="30" started-at="2020-08-19T00:02:43 IST" finished-at="2020-08-19T00:02:43 IST">
          <reporter-output>
          </reporter-output>
        </test-method> <!-- BeforeSuite -->
        <test-method status="PASS" signature="BeforeTest()[pri:0, instance:com.zinrelo.scanarios.Print@436e852b]" name="BeforeTest" is-config="true" duration-ms="12830" started-at="2020-08-19T00:02:43 IST" finished-at="2020-08-19T00:02:56 IST">
          <reporter-output>
          </reporter-output>
        </test-method> <!-- BeforeTest -->
        <test-method status="PASS" signature="startReport()[pri:0, instance:com.zinrelo.scanarios.Print@436e852b]" name="startReport" is-config="true" duration-ms="359" started-at="2020-08-19T00:02:56 IST" finished-at="2020-08-19T00:02:56 IST">
          <reporter-output>
          </reporter-output>
        </test-method> <!-- startReport -->
        <test-method status="PASS" signature="startRepo(java.lang.reflect.Method)[pri:0, instance:com.zinrelo.scanarios.Print@436e852b]" name="startRepo" is-config="true" duration-ms="271" started-at="2020-08-19T00:02:56 IST" finished-at="2020-08-19T00:02:56 IST">
          <params>
            <param index="0">
              <value>
                <![CDATA[public void com.zinrelo.scanarios.Print.TC_01()]]>
              </value>
            </param>
          </params>
          <reporter-output>
          </reporter-output>
        </test-method> <!-- startRepo -->
        <test-method status="PASS" signature="TC_01()[pri:0, instance:com.zinrelo.scanarios.Print@436e852b]" name="TC_01" duration-ms="849" started-at="2020-08-19T00:02:56 IST" finished-at="2020-08-19T00:02:57 IST">
          <reporter-output>
          </reporter-output>
        </test-method> <!-- TC_01 -->
        <test-method status="PASS" signature="startRepo(java.lang.reflect.Method)[pri:0, instance:com.zinrelo.scanarios.Print@436e852b]" name="startRepo" is-config="true" duration-ms="132" started-at="2020-08-19T00:02:57 IST" finished-at="2020-08-19T00:02:57 IST">
          <params>
            <param index="0">
              <value>
                <![CDATA[public void com.zinrelo.scanarios.Print.TC_02() throws java.io.IOException]]>
              </value>
            </param>
          </params>
          <reporter-output>
          </reporter-output>
        </test-method> <!-- startRepo -->
        <test-method status="PASS" signature="TC_02()[pri:0, instance:com.zinrelo.scanarios.Print@436e852b]" name="TC_02" duration-ms="458" started-at="2020-08-19T00:02:57 IST" finished-at="2020-08-19T00:02:58 IST">
          <reporter-output>
          </reporter-output>
        </test-method> <!-- TC_02 -->
        <test-method status="PASS" signature="startRepo(java.lang.reflect.Method)[pri:0, instance:com.zinrelo.scanarios.Print@436e852b]" name="startRepo" is-config="true" duration-ms="137" started-at="2020-08-19T00:02:58 IST" finished-at="2020-08-19T00:02:58 IST">
          <params>
            <param index="0">
              <value>
                <![CDATA[public void com.zinrelo.scanarios.Print.TC_03()]]>
              </value>
            </param>
          </params>
          <reporter-output>
          </reporter-output>
        </test-method> <!-- startRepo -->
        <test-method status="FAIL" signature="TC_03()[pri:0, instance:com.zinrelo.scanarios.Print@436e852b]" name="TC_03" duration-ms="1358" started-at="2020-08-19T00:02:58 IST" finished-at="2020-08-19T00:02:59 IST">
          <exception class="org.openqa.selenium.ElementClickInterceptedException">
            <message>
              <![CDATA[element click intercepted: Element <button type="button" class="btn-large action_button" id="id_login_button">...</button> is not clickable at point (536, 414). Other element would receive the click: <div class="loadmask"></div>
  (Session info: chrome=84.0.4147.125)
Build info: version: '4.0.0-alpha-6', revision: '5f43a29cfc'
System info: host: 'DESKTOP-N6C6OOV', ip: '192.168.43.83', os.name: 'Windows 10', os.arch: 'amd64', os.version: '10.0', java.version: '1.8.0_251'
Driver info: org.openqa.selenium.chrome.ChromeDriver
Capabilities {acceptInsecureCerts: false, browserName: chrome, browserVersion: 84.0.4147.125, chrome: {chromedriverVersion: 84.0.4147.30 (48b3e868b4cc0..., userDataDir: C:\Users\91738\AppData\Loca...}, goog:chromeOptions: {debuggerAddress: localhost:53988}, javascriptEnabled: true, networkConnectionEnabled: false, pageLoadStrategy: normal, platform: WINDOWS, platformName: WINDOWS, proxy: Proxy(), setWindowRect: true, strictFileInteractability: false, timeouts: {implicit: 0, pageLoad: 300000, script: 30000}, unhandledPromptBehavior: dismiss and notify, webauthn:virtualAuthenticators: true}
Session ID: 0426291c8e8443da06aa261cd9ccf95b]]>
            </message>
            <full-stacktrace>
              <![CDATA[org.openqa.selenium.ElementClickInterceptedException: element click intercepted: Element <button type="button" class="btn-large action_button" id="id_login_button">...</button> is not clickable at point (536, 414). Other element would receive the click: <div class="loadmask"></div>
  (Session info: chrome=84.0.4147.125)
Build info: version: '4.0.0-alpha-6', revision: '5f43a29cfc'
System info: host: 'DESKTOP-N6C6OOV', ip: '192.168.43.83', os.name: 'Windows 10', os.arch: 'amd64', os.version: '10.0', java.version: '1.8.0_251'
Driver info: org.openqa.selenium.chrome.ChromeDriver
Capabilities {acceptInsecureCerts: false, browserName: chrome, browserVersion: 84.0.4147.125, chrome: {chromedriverVersion: 84.0.4147.30 (48b3e868b4cc0..., userDataDir: C:\Users\91738\AppData\Loca...}, goog:chromeOptions: {debuggerAddress: localhost:53988}, javascriptEnabled: true, networkConnectionEnabled: false, pageLoadStrategy: normal, platform: WINDOWS, platformName: WINDOWS, proxy: Proxy(), setWindowRect: true, strictFileInteractability: false, timeouts: {implicit: 0, pageLoad: 300000, script: 30000}, unhandledPromptBehavior: dismiss and notify, webauthn:virtualAuthenticators: true}
Session ID: 0426291c8e8443da06aa261cd9ccf95b
at sun.reflect.NativeConstructorAccessorImpl.newInstance0(Native Method)
at sun.reflect.NativeConstructorAccessorImpl.newInstance(Unknown Source)
at sun.reflect.DelegatingConstructorAccessorImpl.newInstance(Unknown Source)
at java.lang.reflect.Constructor.newInstance(Unknown Source)
at org.openqa.selenium.remote.codec.w3c.W3CHttpResponseCodec.createException(W3CHttpResponseCodec.java:196)
at org.openqa.selenium.remote.codec.w3c.W3CHttpResponseCodec.decode(W3CHttpResponseCodec.java:129)
at org.openqa.selenium.remote.codec.w3c.W3CHttpResponseCodec.decode(W3CHttpResponseCodec.java:53)
at org.openqa.selenium.remote.HttpCommandExecutor.execute(HttpCommandExecutor.java:160)
at org.openqa.selenium.remote.service.DriverCommandExecutor.execute(DriverCommandExecutor.java:83)
at org.openqa.selenium.remote.RemoteWebDriver.execute(RemoteWebDriver.java:582)
at org.openqa.selenium.remote.RemoteWebElement.execute(RemoteWebElement.java:316)
at org.openqa.selenium.remote.RemoteWebElement.click(RemoteWebElement.java:85)
at com.zinrelo.scanarios.Print.TC_03(Print.java:128)
at sun.reflect.NativeMethodAccessorImpl.invoke0(Native Method)
at sun.reflect.NativeMethodAccessorImpl.invoke(Unknown Source)
at sun.reflect.DelegatingMethodAccessorImpl.invoke(Unknown Source)
at java.lang.reflect.Method.invoke(Unknown Source)
at org.testng.internal.MethodInvocationHelper.invokeMethod(MethodInvocationHelper.java:135)
at org.testng.internal.TestInvoker.invokeMethod(TestInvoker.java:598)
at org.testng.internal.TestInvoker.invokeTestMethod(TestInvoker.java:174)
at org.testng.internal.MethodRunner.runInSequence(MethodRunner.java:46)
at org.testng.internal.TestInvoker$MethodInvocationAgent.invoke(TestInvoker.java:821)
at org.testng.internal.TestInvoker.invokeTestMethods(TestInvoker.java:147)
at org.testng.internal.TestMethodWorker.invokeTestMethods(TestMethodWorker.java:146)
at org.testng.internal.TestMethodWorker.run(TestMethodWorker.java:128)
at java.util.ArrayList.forEach(Unknown Source)
at org.testng.TestRunner.privateRun(TestRunner.java:767)
at org.testng.TestRunner.run(TestRunner.java:588)
at org.testng.SuiteRunner.runTest(SuiteRunner.java:384)
at org.testng.SuiteRunner.runSequentially(SuiteRunner.java:378)
at org.testng.SuiteRunner.privateRun(SuiteRunner.java:337)
at org.testng.SuiteRunner.run(SuiteRunner.java:286)
at org.testng.SuiteRunnerWorker.runSuite(SuiteRunnerWorker.java:53)
at org.testng.SuiteRunnerWorker.run(SuiteRunnerWorker.java:96)
at org.testng.TestNG.runSuitesSequentially(TestNG.java:1214)
at org.testng.TestNG.runSuitesLocally(TestNG.java:1136)
at org.testng.TestNG.runSuites(TestNG.java:1066)
at org.testng.TestNG.run(TestNG.java:1034)
at org.testng.remote.AbstractRemoteTestNG.run(AbstractRemoteTestNG.java:115)
at org.testng.remote.RemoteTestNG.initAndRun(RemoteTestNG.java:251)
at org.testng.remote.RemoteTestNG.main(RemoteTestNG.java:77)
]]>
            </full-stacktrace>
          </exception> <!-- org.openqa.selenium.ElementClickInterceptedException -->
          <reporter-output>
          </reporter-output>
        </test-method> <!-- TC_03 -->
        <test-method status="PASS" signature="startRepo(java.lang.reflect.Method)[pri:0, instance:com.zinrelo.scanarios.Print@436e852b]" name="startRepo" is-config="true" duration-ms="188" started-at="2020-08-19T00:02:59 IST" finished-at="2020-08-19T00:03:00 IST">
          <params>
            <param index="0">
              <value>
                <![CDATA[public void com.zinrelo.scanarios.Print.TC_04()]]>
              </value>
            </param>
          </params>
          <reporter-output>
          </reporter-output>
        </test-method> <!-- startRepo -->
        <test-method status="PASS" signature="TC_04()[pri:0, instance:com.zinrelo.scanarios.Print@436e852b]" name="TC_04" duration-ms="333" started-at="2020-08-19T00:03:00 IST" finished-at="2020-08-19T00:03:00 IST">
          <reporter-output>
          </reporter-output>
        </test-method> <!-- TC_04 -->
        <test-method status="PASS" signature="endReport()[pri:0, instance:com.zinrelo.scanarios.Print@436e852b]" name="endReport" is-config="true" duration-ms="737" started-at="2020-08-19T00:03:00 IST" finished-at="2020-08-19T00:03:01 IST">
          <reporter-output>
          </reporter-output>
        </test-method> <!-- endReport -->
      </class> <!-- com.zinrelo.scanarios.Print -->
    </test> <!-- Default test -->
  </suite> <!-- Default suite -->
</testng-results>
