<?xml version="1.0" encoding="UTF-8"?>
<testng-results skipped="0" failed="0" ignored="0" total="2" passed="2">
  <reporter-output>
  </reporter-output>
  <suite name="Default suite" duration-ms="37321" started-at="2020-08-19T15:46:01 IST" finished-at="2020-08-19T15:46:38 IST">
    <groups>
    </groups>
    <test name="Default test" duration-ms="37321" started-at="2020-08-19T15:46:01 IST" finished-at="2020-08-19T15:46:38 IST">
      <class name="com.zinrelo.scanarios.AddingMemberPageTest3">
        <test-method status="PASS" signature="BeforeSuite()[pri:0, instance:com.zinrelo.scanarios.AddingMemberPageTest3@687080dc]" name="BeforeSuite" is-config="true" duration-ms="25" started-at="2020-08-19T15:46:01 IST" finished-at="2020-08-19T15:46:01 IST">
          <reporter-output>
          </reporter-output>
        </test-method> <!-- BeforeSuite -->
        <test-method status="PASS" signature="BeforeTest()[pri:0, instance:com.zinrelo.scanarios.AddingMemberPageTest3@687080dc]" name="BeforeTest" is-config="true" duration-ms="17706" started-at="2020-08-19T15:46:01 IST" finished-at="2020-08-19T15:46:19 IST">
          <reporter-output>
          </reporter-output>
        </test-method> <!-- BeforeTest -->
        <test-method status="PASS" signature="startReport()[pri:0, instance:com.zinrelo.scanarios.AddingMemberPageTest3@687080dc]" name="startReport" is-config="true" duration-ms="299" started-at="2020-08-19T15:46:19 IST" finished-at="2020-08-19T15:46:19 IST">
          <reporter-output>
          </reporter-output>
        </test-method> <!-- startReport -->
        <test-method status="PASS" signature="startRepo(java.lang.reflect.Method)[pri:0, instance:com.zinrelo.scanarios.AddingMemberPageTest3@687080dc]" name="startRepo" is-config="true" duration-ms="24" started-at="2020-08-19T15:46:19 IST" finished-at="2020-08-19T15:46:19 IST">
          <params>
            <param index="0">
              <value>
                <![CDATA[public void com.zinrelo.scanarios.AddingMemberPageTest3.TC_01() throws java.io.IOException,java.lang.InterruptedException]]>
              </value>
            </param>
          </params>
          <reporter-output>
          </reporter-output>
        </test-method> <!-- startRepo -->
        <test-method status="PASS" signature="TC_01()[pri:0, instance:com.zinrelo.scanarios.AddingMemberPageTest3@687080dc]" name="TC_01" duration-ms="15301" started-at="2020-08-19T15:46:19 IST" finished-at="2020-08-19T15:46:34 IST">
          <reporter-output>
          </reporter-output>
        </test-method> <!-- TC_01 -->
        <test-method status="PASS" signature="startRepo(java.lang.reflect.Method)[pri:0, instance:com.zinrelo.scanarios.AddingMemberPageTest3@687080dc]" name="startRepo" is-config="true" duration-ms="11" started-at="2020-08-19T15:46:34 IST" finished-at="2020-08-19T15:46:34 IST">
          <params>
            <param index="0">
              <value>
                <![CDATA[public void com.zinrelo.scanarios.AddingMemberPageTest3.TC_04() throws java.io.IOException,java.lang.InterruptedException]]>
              </value>
            </param>
          </params>
          <reporter-output>
          </reporter-output>
        </test-method> <!-- startRepo -->
        <test-method status="PASS" signature="TC_04()[pri:0, instance:com.zinrelo.scanarios.AddingMemberPageTest3@687080dc]" name="TC_04" duration-ms="3279" started-at="2020-08-19T15:46:34 IST" finished-at="2020-08-19T15:46:38 IST">
          <reporter-output>
          </reporter-output>
        </test-method> <!-- TC_04 -->
        <test-method status="PASS" signature="endReport()[pri:0, instance:com.zinrelo.scanarios.AddingMemberPageTest3@687080dc]" name="endReport" is-config="true" duration-ms="583" started-at="2020-08-19T15:46:38 IST" finished-at="2020-08-19T15:46:38 IST">
          <reporter-output>
          </reporter-output>
        </test-method> <!-- endReport -->
      </class> <!-- com.zinrelo.scanarios.AddingMemberPageTest3 -->
    </test> <!-- Default test -->
  </suite> <!-- Default suite -->
</testng-results>
